Using pre-set license
Built from '2020.3/staging' branch; Version is '2020.3.5f1 (8095aa901b9b) revision 8426922'; Using compiler version '192528614'; Build Type 'Release'
OS: 'Windows 10 Home; OS build 19042.928; Version 2009; 64bit' Language: 'en' Physical Memory: 16235 MB
BatchMode: 1, IsHumanControllingUs: 0, StartBugReporterOnCrash: 0, Is64bit: 1, IsPro: 0

 COMMAND LINE ARGUMENTS:
C:\Program Files\Unity\Hub\Editor\2020.3.5f1\Editor\Unity.exe
-adb2
-batchMode
-noUpm
-name
AssetImportWorker0
-projectPath
C:/Users/jackw/Teddy interface
-logFile
Logs/AssetImportWorker0.log
-srvPort
61831
Successfully changed project path to: C:/Users/jackw/Teddy interface
C:/Users/jackw/Teddy interface
Using Asset Import Pipeline V2.
Refreshing native plugins compatible for Editor in 49.06 ms, found 1 plugins.
Preloading 0 native plugins for Editor in 0.00 ms.
Initialize engine version: 2020.3.5f1 (8095aa901b9b)
[Subsystems] Discovering subsystems at path C:/Program Files/Unity/Hub/Editor/2020.3.5f1/Editor/Data/Resources/UnitySubsystems
[Subsystems] Discovering subsystems at path C:/Users/jackw/Teddy interface/Assets
GfxDevice: creating device client; threaded=0
Direct3D:
    Version:  Direct3D 11.0 [level 11.1]
    Renderer: NVIDIA GeForce GTX 1050 (ID=0x1c8d)
    Vendor:   
    VRAM:     4021 MB
    Driver:   27.21.14.6611
Initialize mono
Mono path[0] = 'C:/Program Files/Unity/Hub/Editor/2020.3.5f1/Editor/Data/Managed'
Mono path[1] = 'C:/Program Files/Unity/Hub/Editor/2020.3.5f1/Editor/Data/MonoBleedingEdge/lib/mono/unityjit'
Mono config path = 'C:/Program Files/Unity/Hub/Editor/2020.3.5f1/Editor/Data/MonoBleedingEdge/etc'
Using monoOptions --debugger-agent=transport=dt_socket,embedding=1,server=y,suspend=n,address=127.0.0.1:56220
Begin MonoManager ReloadAssembly
Registering precompiled unity dll's ...
Register platform support module: C:/Program Files/Unity/Hub/Editor/2020.3.5f1/Editor/Data/PlaybackEngines/WindowsStandaloneSupport/UnityEditor.WindowsStandalone.Extensions.dll
Registered in 0.002595 seconds.
Native extension for WindowsStandalone target not found
Refreshing native plugins compatible for Editor in 60.18 ms, found 1 plugins.
Preloading 0 native plugins for Editor in 0.00 ms.
Mono: successfully reloaded assembly
- Completed reload, in  1.115 seconds
Platform modules already initialized, skipping
Registering precompiled user dll's ...
Registered in 0.001107 seconds.
Begin MonoManager ReloadAssembly
Native extension for WindowsStandalone target not found
Refreshing native plugins compatible for Editor in 40.31 ms, found 1 plugins.
Preloading 0 native plugins for Editor in 0.00 ms.
Mono: successfully reloaded assembly
- Completed reload, in  1.024 seconds
Platform modules already initialized, skipping
========================================================================
Worker process is ready to serve import requests
Launched and connected shader compiler UnityShaderCompiler.exe after 0.05 seconds
Refreshing native plugins compatible for Editor in 0.40 ms, found 1 plugins.
Preloading 0 native plugins for Editor in 0.00 ms.
Unloading 1965 Unused Serialized files (Serialized files now loaded: 0)
System memory in use before: 91.7 MB.
System memory in use after: 91.6 MB.

Unloading 24 unused Assets to reduce memory usage. Loaded Objects now: 2408.
Total: 2.792300 ms (FindLiveObjects: 0.243000 ms CreateObjectMapping: 0.111800 ms MarkObjects: 2.259700 ms  DeleteObjects: 0.176800 ms)

========================================================================
Received Import Request.
  path: Assets/Assets.index
  artifactKey: Guid(dbcebb676f6f4a2489eddfa106c7afb8) Importer(815301076,1909f56bfc062723c751e8b465ee728b)
Start importing Assets/Assets.index using Guid(dbcebb676f6f4a2489eddfa106c7afb8) Importer(815301076,1909f56bfc062723c751e8b465ee728b)  -> (artifact id: 'f50283440d49d2a29a5af9b77b1ae98c') in 0.081925 seconds
  Import took 0.085215 seconds .

========================================================================
Received Import Request.
  Time since last request: 196.421806 seconds.
  path: Assets/Assets.index
  artifactKey: Guid(dbcebb676f6f4a2489eddfa106c7afb8) Importer(815301076,1909f56bfc062723c751e8b465ee728b)
Start importing Assets/Assets.index using Guid(dbcebb676f6f4a2489eddfa106c7afb8) Importer(815301076,1909f56bfc062723c751e8b465ee728b)  -> (artifact id: '005aae5337388877e7a8f744aeb43cd3') in 0.005484 seconds
  Import took 0.008961 seconds .

========================================================================
Received Import Request.
  Time since last request: 499.343914 seconds.
  path: Assets/Assets.index
  artifactKey: Guid(dbcebb676f6f4a2489eddfa106c7afb8) Importer(815301076,1909f56bfc062723c751e8b465ee728b)
Start importing Assets/Assets.index using Guid(dbcebb676f6f4a2489eddfa106c7afb8) Importer(815301076,1909f56bfc062723c751e8b465ee728b)  -> (artifact id: '8f5add14d473c9fc86b8b467d34a63d6') in 0.008457 seconds
  Import took 0.012929 seconds .

========================================================================
Received Import Request.
  Time since last request: 103.865494 seconds.
  path: Assets/Assets.index
  artifactKey: Guid(dbcebb676f6f4a2489eddfa106c7afb8) Importer(815301076,1909f56bfc062723c751e8b465ee728b)
Start importing Assets/Assets.index using Guid(dbcebb676f6f4a2489eddfa106c7afb8) Importer(815301076,1909f56bfc062723c751e8b465ee728b)  -> (artifact id: '43999df01bf612b29fca924606013ca2') in 0.005540 seconds
  Import took 0.009308 seconds .

========================================================================
Received Prepare
Registering precompiled user dll's ...
Registered in 0.050773 seconds.
Begin MonoManager ReloadAssembly
Native extension for WindowsStandalone target not found
Refreshing native plugins compatible for Editor in 0.41 ms, found 1 plugins.
Preloading 0 native plugins for Editor in 0.00 ms.
Mono: successfully reloaded assembly
- Completed reload, in  1.059 seconds
Platform modules already initialized, skipping
Refreshing native plugins compatible for Editor in 0.45 ms, found 1 plugins.
Preloading 0 native plugins for Editor in 0.00 ms.
Unloading 1947 Unused Serialized files (Serialized files now loaded: 0)
System memory in use before: 90.4 MB.
System memory in use after: 90.3 MB.

Unloading 12 unused Assets to reduce memory usage. Loaded Objects now: 2412.
Total: 3.555400 ms (FindLiveObjects: 0.309300 ms CreateObjectMapping: 0.158400 ms MarkObjects: 2.956200 ms  DeleteObjects: 0.129600 ms)

========================================================================
Received Prepare
Registering precompiled user dll's ...
Registered in 0.001889 seconds.
Begin MonoManager ReloadAssembly
Native extension for WindowsStandalone target not found
Refreshing native plugins compatible for Editor in 0.80 ms, found 1 plugins.
Preloading 0 native plugins for Editor in 0.00 ms.
Mono: successfully reloaded assembly
- Completed reload, in  1.080 seconds
Platform modules already initialized, skipping
Refreshing native plugins compatible for Editor in 0.40 ms, found 1 plugins.
Preloading 0 native plugins for Editor in 0.00 ms.
Unloading 1947 Unused Serialized files (Serialized files now loaded: 0)
System memory in use before: 90.4 MB.
System memory in use after: 90.4 MB.

Unloading 12 unused Assets to reduce memory usage. Loaded Objects now: 2416.
Total: 2.333700 ms (FindLiveObjects: 0.217300 ms CreateObjectMapping: 0.088100 ms MarkObjects: 1.918400 ms  DeleteObjects: 0.108800 ms)

========================================================================
Received Prepare
Registering precompiled user dll's ...
Registered in 0.001109 seconds.
Begin MonoManager ReloadAssembly
Native extension for WindowsStandalone target not found
Refreshing native plugins compatible for Editor in 0.36 ms, found 1 plugins.
Preloading 0 native plugins for Editor in 0.00 ms.
Mono: successfully reloaded assembly
- Completed reload, in  1.044 seconds
Platform modules already initialized, skipping
Refreshing native plugins compatible for Editor in 0.41 ms, found 1 plugins.
Preloading 0 native plugins for Editor in 0.00 ms.
Unloading 1947 Unused Serialized files (Serialized files now loaded: 0)
System memory in use before: 90.4 MB.
System memory in use after: 90.4 MB.

Unloading 12 unused Assets to reduce memory usage. Loaded Objects now: 2420.
Total: 2.810700 ms (FindLiveObjects: 0.515100 ms CreateObjectMapping: 0.182900 ms MarkObjects: 1.999400 ms  DeleteObjects: 0.112000 ms)

========================================================================
Received Import Request.
  Time since last request: 62705.164106 seconds.
  path: Assets/Scenes/Pause Menu.unity
  artifactKey: Guid(2fa0b97d31b83cc46b906446bc55bd7c) Importer(815301076,1909f56bfc062723c751e8b465ee728b)
Start importing Assets/Scenes/Pause Menu.unity using Guid(2fa0b97d31b83cc46b906446bc55bd7c) Importer(815301076,1909f56bfc062723c751e8b465ee728b)  -> (artifact id: '3f7697e95cd4066332593e3476ef7f4f') in 0.017996 seconds
  Import took 0.022416 seconds .

========================================================================
Received Import Request.
  Time since last request: 23.644095 seconds.
  path: Assets/Scenes/Main Menu.unity
  artifactKey: Guid(2cda990e2423bbf4892e6590ba056729) Importer(815301076,1909f56bfc062723c751e8b465ee728b)
Start importing Assets/Scenes/Main Menu.unity using Guid(2cda990e2423bbf4892e6590ba056729) Importer(815301076,1909f56bfc062723c751e8b465ee728b)  -> (artifact id: '5009a2e458837e802e5dafc9b52fcf35') in 0.009169 seconds
  Import took 0.015028 seconds .

========================================================================
Received Import Request.
  Time since last request: 0.016505 seconds.
  path: Assets/Scenes/Main Menu.unity
  artifactKey: Guid(2cda990e2423bbf4892e6590ba056729) Importer(815301076,1909f56bfc062723c751e8b465ee728b)
Start importing Assets/Scenes/Main Menu.unity using Guid(2cda990e2423bbf4892e6590ba056729) Importer(815301076,1909f56bfc062723c751e8b465ee728b)  -> (artifact id: '5009a2e458837e802e5dafc9b52fcf35') in 0.003100 seconds
  Import took 0.008513 seconds .

========================================================================
Received Prepare
Registering precompiled user dll's ...
Registered in 0.001135 seconds.
Begin MonoManager ReloadAssembly
Native extension for WindowsStandalone target not found
Refreshing native plugins compatible for Editor in 0.37 ms, found 1 plugins.
Preloading 0 native plugins for Editor in 0.00 ms.
Mono: successfully reloaded assembly
- Completed reload, in  1.010 seconds
Platform modules already initialized, skipping
Refreshing native plugins compatible for Editor in 0.38 ms, found 1 plugins.
Preloading 0 native plugins for Editor in 0.00 ms.
Unloading 1947 Unused Serialized files (Serialized files now loaded: 0)
System memory in use before: 90.4 MB.
System memory in use after: 90.4 MB.

Unloading 12 unused Assets to reduce memory usage. Loaded Objects now: 2424.
Total: 2.798100 ms (FindLiveObjects: 0.259700 ms CreateObjectMapping: 0.186400 ms MarkObjects: 2.197200 ms  DeleteObjects: 0.152400 ms)

========================================================================
Received Import Request.
  Time since last request: 748.107090 seconds.
  path: Assets/Assets.index
  artifactKey: Guid(dbcebb676f6f4a2489eddfa106c7afb8) Importer(815301076,1909f56bfc062723c751e8b465ee728b)
Start importing Assets/Assets.index using Guid(dbcebb676f6f4a2489eddfa106c7afb8) Importer(815301076,1909f56bfc062723c751e8b465ee728b)  -> (artifact id: 'd890fe754984c57ff3322b9656ef007e') in 0.060861 seconds
  Import took 0.068273 seconds .

========================================================================
Received Import Request.
  Time since last request: 0.000849 seconds.
  path: Assets/Assets.index
  artifactKey: Guid(dbcebb676f6f4a2489eddfa106c7afb8) Importer(815301076,1909f56bfc062723c751e8b465ee728b)
Start importing Assets/Assets.index using Guid(dbcebb676f6f4a2489eddfa106c7afb8) Importer(815301076,1909f56bfc062723c751e8b465ee728b)  -> (artifact id: 'd890fe754984c57ff3322b9656ef007e') in 0.006268 seconds
  Import took 0.009667 seconds .

========================================================================
Received Prepare
Registering precompiled user dll's ...
Registered in 0.001232 seconds.
Begin MonoManager ReloadAssembly
Native extension for WindowsStandalone target not found
Refreshing native plugins compatible for Editor in 0.40 ms, found 1 plugins.
Preloading 0 native plugins for Editor in 0.00 ms.
Mono: successfully reloaded assembly
- Completed reload, in  1.006 seconds
Platform modules already initialized, skipping
Refreshing native plugins compatible for Editor in 0.56 ms, found 1 plugins.
Preloading 0 native plugins for Editor in 0.00 ms.
Unloading 1947 Unused Serialized files (Serialized files now loaded: 0)
System memory in use before: 90.5 MB.
System memory in use after: 90.4 MB.

Unloading 12 unused Assets to reduce memory usage. Loaded Objects now: 2428.
Total: 2.290300 ms (FindLiveObjects: 0.243400 ms CreateObjectMapping: 0.107700 ms MarkObjects: 1.827600 ms  DeleteObjects: 0.110200 ms)

========================================================================
Received Import Request.
  Time since last request: 1152.434590 seconds.
  path: Assets/Assets.index
  artifactKey: Guid(dbcebb676f6f4a2489eddfa106c7afb8) Importer(815301076,1909f56bfc062723c751e8b465ee728b)
Start importing Assets/Assets.index using Guid(dbcebb676f6f4a2489eddfa106c7afb8) Importer(815301076,1909f56bfc062723c751e8b465ee728b)  -> (artifact id: 'fb8be20435b40d3d32c73d2ecc8691fa') in 0.045638 seconds
  Import took 0.051620 seconds .

========================================================================
Received Import Request.
  Time since last request: 6585.654320 seconds.
  path: Assets/Assets.index
  artifactKey: Guid(dbcebb676f6f4a2489eddfa106c7afb8) Importer(815301076,1909f56bfc062723c751e8b465ee728b)
Start importing Assets/Assets.index using Guid(dbcebb676f6f4a2489eddfa106c7afb8) Importer(815301076,1909f56bfc062723c751e8b465ee728b)  -> (artifact id: 'ebb7294a006993e2d61e9b966fb6949d') in 0.008100 seconds
  Import took 0.016914 seconds .

========================================================================
Received Import Request.
  Time since last request: 175.410555 seconds.
  path: Assets/Assets.index
  artifactKey: Guid(dbcebb676f6f4a2489eddfa106c7afb8) Importer(815301076,1909f56bfc062723c751e8b465ee728b)
Start importing Assets/Assets.index using Guid(dbcebb676f6f4a2489eddfa106c7afb8) Importer(815301076,1909f56bfc062723c751e8b465ee728b)  -> (artifact id: '7087ebcf0caa16eed72e69bf77bf1b1c') in 0.007225 seconds
  Import took 0.013673 seconds .

========================================================================
Received Prepare
Registering precompiled user dll's ...
Registered in 0.001080 seconds.
Begin MonoManager ReloadAssembly
Native extension for WindowsStandalone target not found
Refreshing native plugins compatible for Editor in 0.36 ms, found 1 plugins.
Preloading 0 native plugins for Editor in 0.00 ms.
Mono: successfully reloaded assembly
- Completed reload, in  0.976 seconds
Platform modules already initialized, skipping
Refreshing native plugins compatible for Editor in 0.71 ms, found 1 plugins.
Preloading 0 native plugins for Editor in 0.00 ms.
Unloading 1947 Unused Serialized files (Serialized files now loaded: 0)
System memory in use before: 90.5 MB.
System memory in use after: 90.5 MB.

Unloading 12 unused Assets to reduce memory usage. Loaded Objects now: 2432.
Total: 2.586100 ms (FindLiveObjects: 0.239000 ms CreateObjectMapping: 0.125200 ms MarkObjects: 2.086500 ms  DeleteObjects: 0.133500 ms)

========================================================================
Received Import Request.
  Time since last request: 707.462874 seconds.
  path: Assets/Assets.index
  artifactKey: Guid(dbcebb676f6f4a2489eddfa106c7afb8) Importer(815301076,1909f56bfc062723c751e8b465ee728b)
Start importing Assets/Assets.index using Guid(dbcebb676f6f4a2489eddfa106c7afb8) Importer(815301076,1909f56bfc062723c751e8b465ee728b)  -> (artifact id: '669c43d755069394e65b43b5a87fe4f9') in 0.053440 seconds
  Import took 0.058030 seconds .

========================================================================
Received Prepare
Registering precompiled user dll's ...
Registered in 0.001051 seconds.
Begin MonoManager ReloadAssembly
Native extension for WindowsStandalone target not found
Refreshing native plugins compatible for Editor in 0.37 ms, found 1 plugins.
Preloading 0 native plugins for Editor in 0.00 ms.
Mono: successfully reloaded assembly
- Completed reload, in  0.984 seconds
Platform modules already initialized, skipping
Refreshing native plugins compatible for Editor in 0.38 ms, found 1 plugins.
Preloading 0 native plugins for Editor in 0.00 ms.
Unloading 1947 Unused Serialized files (Serialized files now loaded: 0)
System memory in use before: 90.5 MB.
System memory in use after: 90.5 MB.

Unloading 12 unused Assets to reduce memory usage. Loaded Objects now: 2436.
Total: 2.450900 ms (FindLiveObjects: 0.233800 ms CreateObjectMapping: 0.101300 ms MarkObjects: 1.997300 ms  DeleteObjects: 0.116700 ms)

========================================================================
Received Import Request.
  Time since last request: 34.165658 seconds.
  path: Assets/Assets.index
  artifactKey: Guid(dbcebb676f6f4a2489eddfa106c7afb8) Importer(815301076,1909f56bfc062723c751e8b465ee728b)
Start importing Assets/Assets.index using Guid(dbcebb676f6f4a2489eddfa106c7afb8) Importer(815301076,1909f56bfc062723c751e8b465ee728b)  -> (artifact id: 'a360b8e369ebff47888f5dad4e9e7e8f') in 0.052483 seconds
  Import took 0.056251 seconds .

========================================================================
Received Import Request.
  Time since last request: 127.936358 seconds.
  path: Assets/Assets.index
  artifactKey: Guid(dbcebb676f6f4a2489eddfa106c7afb8) Importer(815301076,1909f56bfc062723c751e8b465ee728b)
Start importing Assets/Assets.index using Guid(dbcebb676f6f4a2489eddfa106c7afb8) Importer(815301076,1909f56bfc062723c751e8b465ee728b)  -> (artifact id: 'd8782a616bc28d7b91d8d3a7c3ca6005') in 0.005971 seconds
  Import took 0.009865 seconds .

========================================================================
Received Import Request.
  Time since last request: 38.867426 seconds.
  path: Assets/Assets.index
  artifactKey: Guid(dbcebb676f6f4a2489eddfa106c7afb8) Importer(815301076,1909f56bfc062723c751e8b465ee728b)
Start importing Assets/Assets.index using Guid(dbcebb676f6f4a2489eddfa106c7afb8) Importer(815301076,1909f56bfc062723c751e8b465ee728b)  -> (artifact id: '359793d37d7fd2b02376131862d470a5') in 0.011141 seconds
  Import took 0.014936 seconds .

========================================================================
Received Prepare
Registering precompiled user dll's ...
Registered in 0.001269 seconds.
Begin MonoManager ReloadAssembly
Native extension for WindowsStandalone target not found
Refreshing native plugins compatible for Editor in 0.42 ms, found 1 plugins.
Preloading 0 native plugins for Editor in 0.00 ms.
Mono: successfully reloaded assembly
- Completed reload, in  1.362 seconds
Platform modules already initialized, skipping
Refreshing native plugins compatible for Editor in 0.41 ms, found 1 plugins.
Preloading 0 native plugins for Editor in 0.00 ms.
Unloading 1948 Unused Serialized files (Serialized files now loaded: 0)
System memory in use before: 90.5 MB.
System memory in use after: 90.5 MB.

Unloading 12 unused Assets to reduce memory usage. Loaded Objects now: 2441.
Total: 2.412500 ms (FindLiveObjects: 0.232100 ms CreateObjectMapping: 0.090700 ms MarkObjects: 1.969400 ms  DeleteObjects: 0.119100 ms)

========================================================================
Received Import Request.
  Time since last request: 461.757609 seconds.
  path: Assets/PauseMenu.cs
  artifactKey: Guid(b4cfc5e816876b149bed4118b1152bf8) Importer(815301076,1909f56bfc062723c751e8b465ee728b)
Start importing Assets/PauseMenu.cs using Guid(b4cfc5e816876b149bed4118b1152bf8) Importer(815301076,1909f56bfc062723c751e8b465ee728b)  -> (artifact id: 'e931bf39b28cb1fc2779717f12e327ea') in 0.020249 seconds
  Import took 0.025016 seconds .

========================================================================
Received Import Request.
  Time since last request: 0.003434 seconds.
  path: Assets/PauseMenu.cs
  artifactKey: Guid(b4cfc5e816876b149bed4118b1152bf8) Importer(815301076,1909f56bfc062723c751e8b465ee728b)
Start importing Assets/PauseMenu.cs using Guid(b4cfc5e816876b149bed4118b1152bf8) Importer(815301076,1909f56bfc062723c751e8b465ee728b)  -> (artifact id: 'e931bf39b28cb1fc2779717f12e327ea') in 0.003174 seconds
  Import took 0.007124 seconds .

========================================================================
Received Import Request.
  Time since last request: 0.550951 seconds.
  path: Assets/Assets.index
  artifactKey: Guid(dbcebb676f6f4a2489eddfa106c7afb8) Importer(815301076,1909f56bfc062723c751e8b465ee728b)
Start importing Assets/Assets.index using Guid(dbcebb676f6f4a2489eddfa106c7afb8) Importer(815301076,1909f56bfc062723c751e8b465ee728b)  -> (artifact id: 'f11a9fe8ea069a46b6184459583df279') in 0.046094 seconds
  Import took 0.052331 seconds .

========================================================================
Received Import Request.
  Time since last request: 33.038868 seconds.
  path: Assets/PauseMenu.cs
  artifactKey: Guid(b4cfc5e816876b149bed4118b1152bf8) Importer(815301076,1909f56bfc062723c751e8b465ee728b)
Start importing Assets/PauseMenu.cs using Guid(b4cfc5e816876b149bed4118b1152bf8) Importer(815301076,1909f56bfc062723c751e8b465ee728b)  -> (artifact id: 'ef33edf8e297e51198b8619cffce39da') in 0.003782 seconds
  Import took 0.008231 seconds .

========================================================================
Received Import Request.
  Time since last request: 0.547606 seconds.
  path: Assets/Assets.index
  artifactKey: Guid(dbcebb676f6f4a2489eddfa106c7afb8) Importer(815301076,1909f56bfc062723c751e8b465ee728b)
Start importing Assets/Assets.index using Guid(dbcebb676f6f4a2489eddfa106c7afb8) Importer(815301076,1909f56bfc062723c751e8b465ee728b)  -> (artifact id: '1e5b3ac83d1118b09087fa56f357a2bb') in 0.006303 seconds
  Import took 0.010228 seconds .

========================================================================
Received Prepare
Registering precompiled user dll's ...
Registered in 0.001083 seconds.
Begin MonoManager ReloadAssembly
Native extension for WindowsStandalone target not found
Refreshing native plugins compatible for Editor in 0.36 ms, found 1 plugins.
Preloading 0 native plugins for Editor in 0.00 ms.
Mono: successfully reloaded assembly
- Completed reload, in  0.934 seconds
Platform modules already initialized, skipping
Refreshing native plugins compatible for Editor in 0.42 ms, found 1 plugins.
Preloading 0 native plugins for Editor in 0.00 ms.
Unloading 1948 Unused Serialized files (Serialized files now loaded: 0)
System memory in use before: 90.5 MB.
System memory in use after: 90.5 MB.

Unloading 12 unused Assets to reduce memory usage. Loaded Objects now: 2445.
Total: 2.334900 ms (FindLiveObjects: 0.233000 ms CreateObjectMapping: 0.100500 ms MarkObjects: 1.883000 ms  DeleteObjects: 0.116800 ms)

========================================================================
Received Import Request.
  Time since last request: 120.430740 seconds.
  path: Assets/PauseMenu.cs
  artifactKey: Guid(b4cfc5e816876b149bed4118b1152bf8) Importer(815301076,1909f56bfc062723c751e8b465ee728b)
Start importing Assets/PauseMenu.cs using Guid(b4cfc5e816876b149bed4118b1152bf8) Importer(815301076,1909f56bfc062723c751e8b465ee728b)  -> (artifact id: '6594a3331eac53d450722a0ebd00271a') in 0.007759 seconds
  Import took 0.011383 seconds .

========================================================================
Received Prepare
Registering precompiled user dll's ...
Registered in 0.001103 seconds.
Begin MonoManager ReloadAssembly
Native extension for WindowsStandalone target not found
Refreshing native plugins compatible for Editor in 0.43 ms, found 1 plugins.
Preloading 0 native plugins for Editor in 0.00 ms.
Mono: successfully reloaded assembly
- Completed reload, in  0.961 seconds
Platform modules already initialized, skipping
Refreshing native plugins compatible for Editor in 0.39 ms, found 1 plugins.
Preloading 0 native plugins for Editor in 0.00 ms.
Unloading 1948 Unused Serialized files (Serialized files now loaded: 0)
System memory in use before: 90.5 MB.
System memory in use after: 90.5 MB.

Unloading 12 unused Assets to reduce memory usage. Loaded Objects now: 2449.
Total: 2.524900 ms (FindLiveObjects: 0.190100 ms CreateObjectMapping: 0.066700 ms MarkObjects: 2.152000 ms  DeleteObjects: 0.114200 ms)

========================================================================
Received Import Request.
  Time since last request: 61.138274 seconds.
  path: Assets/Assets.index
  artifactKey: Guid(dbcebb676f6f4a2489eddfa106c7afb8) Importer(815301076,1909f56bfc062723c751e8b465ee728b)
Start importing Assets/Assets.index using Guid(dbcebb676f6f4a2489eddfa106c7afb8) Importer(815301076,1909f56bfc062723c751e8b465ee728b)  -> (artifact id: 'ae94164a9c9305904d93ef218cac2f27') in 0.051763 seconds
  Import took 0.055567 seconds .

========================================================================
Received Prepare
Registering precompiled user dll's ...
Registered in 0.001058 seconds.
Begin MonoManager ReloadAssembly
Native extension for WindowsStandalone target not found
Refreshing native plugins compatible for Editor in 0.47 ms, found 1 plugins.
Preloading 0 native plugins for Editor in 0.00 ms.
Mono: successfully reloaded assembly
- Completed reload, in  1.386 seconds
Platform modules already initialized, skipping
Refreshing native plugins compatible for Editor in 0.38 ms, found 1 plugins.
Preloading 0 native plugins for Editor in 0.00 ms.
Unloading 1948 Unused Serialized files (Serialized files now loaded: 0)
System memory in use before: 90.6 MB.
System memory in use after: 90.5 MB.

Unloading 12 unused Assets to reduce memory usage. Loaded Objects now: 2453.
Total: 2.378800 ms (FindLiveObjects: 0.186000 ms CreateObjectMapping: 0.079600 ms MarkObjects: 1.992500 ms  DeleteObjects: 0.119400 ms)

========================================================================
Received Prepare
Registering precompiled user dll's ...
Registered in 0.001186 seconds.
Begin MonoManager ReloadAssembly
Native extension for WindowsStandalone target not found
Refreshing native plugins compatible for Editor in 0.46 ms, found 1 plugins.
Preloading 0 native plugins for Editor in 0.00 ms.
Mono: successfully reloaded assembly
- Completed reload, in  1.242 seconds
Platform modules already initialized, skipping
Refreshing native plugins compatible for Editor in 0.47 ms, found 1 plugins.
Preloading 0 native plugins for Editor in 0.00 ms.
Unloading 1948 Unused Serialized files (Serialized files now loaded: 0)
System memory in use before: 90.6 MB.
System memory in use after: 90.5 MB.

Unloading 12 unused Assets to reduce memory usage. Loaded Objects now: 2457.
Total: 3.093600 ms (FindLiveObjects: 0.258800 ms CreateObjectMapping: 0.096500 ms MarkObjects: 2.586600 ms  DeleteObjects: 0.150300 ms)

========================================================================
Received Import Request.
  Time since last request: 274.890085 seconds.
  path: Assets/Assets.index
  artifactKey: Guid(dbcebb676f6f4a2489eddfa106c7afb8) Importer(815301076,1909f56bfc062723c751e8b465ee728b)
Start importing Assets/Assets.index using Guid(dbcebb676f6f4a2489eddfa106c7afb8) Importer(815301076,1909f56bfc062723c751e8b465ee728b)  -> (artifact id: '015e95c10e55e0f1554f475464ef033c') in 0.046769 seconds
  Import took 0.050432 seconds .

========================================================================
Received Prepare
Registering precompiled user dll's ...
Registered in 0.001118 seconds.
Begin MonoManager ReloadAssembly
Native extension for WindowsStandalone target not found
Refreshing native plugins compatible for Editor in 0.37 ms, found 1 plugins.
Preloading 0 native plugins for Editor in 0.00 ms.
Mono: successfully reloaded assembly
- Completed reload, in  0.960 seconds
Platform modules already initialized, skipping
Refreshing native plugins compatible for Editor in 0.39 ms, found 1 plugins.
Preloading 0 native plugins for Editor in 0.00 ms.
Unloading 1948 Unused Serialized files (Serialized files now loaded: 0)
System memory in use before: 90.6 MB.
System memory in use after: 90.6 MB.

Unloading 12 unused Assets to reduce memory usage. Loaded Objects now: 2461.
Total: 2.985700 ms (FindLiveObjects: 0.240300 ms CreateObjectMapping: 0.145500 ms MarkObjects: 2.463900 ms  DeleteObjects: 0.134000 ms)

========================================================================
Received Prepare
Registering precompiled user dll's ...
Registered in 0.001121 seconds.
Begin MonoManager ReloadAssembly
Native extension for WindowsStandalone target not found
Refreshing native plugins compatible for Editor in 0.37 ms, found 1 plugins.
Preloading 0 native plugins for Editor in 0.00 ms.
Mono: successfully reloaded assembly
- Completed reload, in  0.953 seconds
Platform modules already initialized, skipping
Refreshing native plugins compatible for Editor in 0.50 ms, found 1 plugins.
Preloading 0 native plugins for Editor in 0.00 ms.
Unloading 1948 Unused Serialized files (Serialized files now loaded: 0)
System memory in use before: 90.6 MB.
System memory in use after: 90.6 MB.

Unloading 12 unused Assets to reduce memory usage. Loaded Objects now: 2465.
Total: 2.890100 ms (FindLiveObjects: 0.337400 ms CreateObjectMapping: 0.154800 ms MarkObjects: 2.271500 ms  DeleteObjects: 0.124500 ms)

========================================================================
Received Prepare
Registering precompiled user dll's ...
Registered in 0.001686 seconds.
Begin MonoManager ReloadAssembly
Native extension for WindowsStandalone target not found
Refreshing native plugins compatible for Editor in 0.38 ms, found 1 plugins.
Preloading 0 native plugins for Editor in 0.00 ms.
Mono: successfully reloaded assembly
- Completed reload, in  0.954 seconds
Platform modules already initialized, skipping
Refreshing native plugins compatible for Editor in 0.39 ms, found 1 plugins.
Preloading 0 native plugins for Editor in 0.00 ms.
Unloading 1948 Unused Serialized files (Serialized files now loaded: 0)
System memory in use before: 90.6 MB.
System memory in use after: 90.6 MB.

Unloading 12 unused Assets to reduce memory usage. Loaded Objects now: 2469.
Total: 2.332000 ms (FindLiveObjects: 0.218500 ms CreateObjectMapping: 0.092900 ms MarkObjects: 1.904000 ms  DeleteObjects: 0.115300 ms)

========================================================================
Received Prepare
Registering precompiled user dll's ...
Registered in 0.001061 seconds.
Begin MonoManager ReloadAssembly
Native extension for WindowsStandalone target not found
Refreshing native plugins compatible for Editor in 0.37 ms, found 1 plugins.
Preloading 0 native plugins for Editor in 0.00 ms.
Mono: successfully reloaded assembly
- Completed reload, in  0.945 seconds
Platform modules already initialized, skipping
Refreshing native plugins compatible for Editor in 0.43 ms, found 1 plugins.
Preloading 0 native plugins for Editor in 0.00 ms.
Unloading 1948 Unused Serialized files (Serialized files now loaded: 0)
System memory in use before: 90.6 MB.
System memory in use after: 90.6 MB.

Unloading 12 unused Assets to reduce memory usage. Loaded Objects now: 2473.
Total: 2.362100 ms (FindLiveObjects: 0.217900 ms CreateObjectMapping: 0.086400 ms MarkObjects: 1.902400 ms  DeleteObjects: 0.154200 ms)

========================================================================
Received Prepare
Registering precompiled user dll's ...
Registered in 0.001072 seconds.
Begin MonoManager ReloadAssembly
Native extension for WindowsStandalone target not found
Refreshing native plugins compatible for Editor in 0.37 ms, found 1 plugins.
Preloading 0 native plugins for Editor in 0.00 ms.
Mono: successfully reloaded assembly
- Completed reload, in  0.954 seconds
Platform modules already initialized, skipping
Refreshing native plugins compatible for Editor in 0.40 ms, found 1 plugins.
Preloading 0 native plugins for Editor in 0.00 ms.
Unloading 1948 Unused Serialized files (Serialized files now loaded: 0)
System memory in use before: 90.6 MB.
System memory in use after: 90.6 MB.

Unloading 12 unused Assets to reduce memory usage. Loaded Objects now: 2477.
Total: 2.439000 ms (FindLiveObjects: 0.263300 ms CreateObjectMapping: 0.128900 ms MarkObjects: 1.934200 ms  DeleteObjects: 0.110800 ms)

========================================================================
Received Prepare
Registering precompiled user dll's ...
Registered in 0.001044 seconds.
Begin MonoManager ReloadAssembly
Native extension for WindowsStandalone target not found
Refreshing native plugins compatible for Editor in 0.41 ms, found 1 plugins.
Preloading 0 native plugins for Editor in 0.00 ms.
Mono: successfully reloaded assembly
- Completed reload, in  0.945 seconds
Platform modules already initialized, skipping
Refreshing native plugins compatible for Editor in 0.41 ms, found 1 plugins.
Preloading 0 native plugins for Editor in 0.00 ms.
Unloading 1948 Unused Serialized files (Serialized files now loaded: 0)
System memory in use before: 90.6 MB.
System memory in use after: 90.6 MB.

Unloading 12 unused Assets to reduce memory usage. Loaded Objects now: 2481.
Total: 2.765700 ms (FindLiveObjects: 0.406600 ms CreateObjectMapping: 0.136200 ms MarkObjects: 2.088300 ms  DeleteObjects: 0.132900 ms)

========================================================================
Received Prepare
Registering precompiled user dll's ...
Registered in 0.001071 seconds.
Begin MonoManager ReloadAssembly
Native extension for WindowsStandalone target not found
Refreshing native plugins compatible for Editor in 0.36 ms, found 1 plugins.
Preloading 0 native plugins for Editor in 0.00 ms.
Mono: successfully reloaded assembly
- Completed reload, in  0.920 seconds
Platform modules already initialized, skipping
Refreshing native plugins compatible for Editor in 0.38 ms, found 1 plugins.
Preloading 0 native plugins for Editor in 0.00 ms.
Unloading 1948 Unused Serialized files (Serialized files now loaded: 0)
System memory in use before: 90.6 MB.
System memory in use after: 90.6 MB.

Unloading 12 unused Assets to reduce memory usage. Loaded Objects now: 2485.
Total: 2.470600 ms (FindLiveObjects: 0.239300 ms CreateObjectMapping: 0.073700 ms MarkObjects: 2.042900 ms  DeleteObjects: 0.113400 ms)

========================================================================
Received Import Request.
  Time since last request: 515.172475 seconds.
  path: Assets/Assets.index
  artifactKey: Guid(dbcebb676f6f4a2489eddfa106c7afb8) Importer(815301076,1909f56bfc062723c751e8b465ee728b)
Start importing Assets/Assets.index using Guid(dbcebb676f6f4a2489eddfa106c7afb8) Importer(815301076,1909f56bfc062723c751e8b465ee728b)  -> (artifact id: '01d8f0e3035ad9db5e047cd1911cdd5c') in 0.057941 seconds
  Import took 0.062547 seconds .

========================================================================
Received Import Request.
  Time since last request: 0.003581 seconds.
  path: Assets/Assets.index
  artifactKey: Guid(dbcebb676f6f4a2489eddfa106c7afb8) Importer(815301076,1909f56bfc062723c751e8b465ee728b)
Start importing Assets/Assets.index using Guid(dbcebb676f6f4a2489eddfa106c7afb8) Importer(815301076,1909f56bfc062723c751e8b465ee728b)  -> (artifact id: '01d8f0e3035ad9db5e047cd1911cdd5c') in 0.006845 seconds
  Import took 0.012161 seconds .

========================================================================
Received Prepare
Registering precompiled user dll's ...
Registered in 0.001154 seconds.
Begin MonoManager ReloadAssembly
Native extension for WindowsStandalone target not found
Refreshing native plugins compatible for Editor in 0.49 ms, found 1 plugins.
Preloading 0 native plugins for Editor in 0.00 ms.
Mono: successfully reloaded assembly
- Completed reload, in  1.020 seconds
Platform modules already initialized, skipping
Refreshing native plugins compatible for Editor in 0.44 ms, found 1 plugins.
Preloading 0 native plugins for Editor in 0.00 ms.
Unloading 1948 Unused Serialized files (Serialized files now loaded: 0)
System memory in use before: 90.6 MB.
System memory in use after: 90.6 MB.

Unloading 12 unused Assets to reduce memory usage. Loaded Objects now: 2489.
Total: 2.833000 ms (FindLiveObjects: 0.497100 ms CreateObjectMapping: 0.244300 ms MarkObjects: 1.913000 ms  DeleteObjects: 0.177600 ms)

========================================================================
Received Import Request.
  Time since last request: 74.595645 seconds.
  path: Assets/MainMenu.cs
  artifactKey: Guid(793a1cbff4952c44fa549677a64afa70) Importer(815301076,1909f56bfc062723c751e8b465ee728b)
Start importing Assets/MainMenu.cs using Guid(793a1cbff4952c44fa549677a64afa70) Importer(815301076,1909f56bfc062723c751e8b465ee728b)  -> (artifact id: 'c765a12def1d9c3c3e6912c6f37809cf') in 0.010574 seconds
  Import took 0.017459 seconds .

========================================================================
Received Prepare
Registering precompiled user dll's ...
Registered in 0.001244 seconds.
Begin MonoManager ReloadAssembly
Native extension for WindowsStandalone target not found
Refreshing native plugins compatible for Editor in 0.43 ms, found 1 plugins.
Preloading 0 native plugins for Editor in 0.00 ms.
Mono: successfully reloaded assembly
- Completed reload, in  1.075 seconds
Platform modules already initialized, skipping
Refreshing native plugins compatible for Editor in 0.45 ms, found 1 plugins.
Preloading 0 native plugins for Editor in 0.00 ms.
Unloading 1948 Unused Serialized files (Serialized files now loaded: 0)
System memory in use before: 90.6 MB.
System memory in use after: 90.6 MB.

Unloading 12 unused Assets to reduce memory usage. Loaded Objects now: 2493.
Total: 3.031500 ms (FindLiveObjects: 0.484700 ms CreateObjectMapping: 0.230900 ms MarkObjects: 2.182200 ms  DeleteObjects: 0.131600 ms)

========================================================================
Received Prepare
Registering precompiled user dll's ...
Registered in 0.001172 seconds.
Begin MonoManager ReloadAssembly
Native extension for WindowsStandalone target not found
Refreshing native plugins compatible for Editor in 0.37 ms, found 1 plugins.
Preloading 0 native plugins for Editor in 0.00 ms.
Mono: successfully reloaded assembly
- Completed reload, in  1.086 seconds
Platform modules already initialized, skipping
Refreshing native plugins compatible for Editor in 0.41 ms, found 1 plugins.
Preloading 0 native plugins for Editor in 0.00 ms.
Unloading 1948 Unused Serialized files (Serialized files now loaded: 0)
System memory in use before: 90.7 MB.
System memory in use after: 90.6 MB.

Unloading 12 unused Assets to reduce memory usage. Loaded Objects now: 2497.
Total: 4.714900 ms (FindLiveObjects: 0.347500 ms CreateObjectMapping: 0.116800 ms MarkObjects: 4.050200 ms  DeleteObjects: 0.198300 ms)

========================================================================
Received Prepare
Registering precompiled user dll's ...
Registered in 0.001340 seconds.
Begin MonoManager ReloadAssembly
Native extension for WindowsStandalone target not found
Refreshing native plugins compatible for Editor in 1.11 ms, found 1 plugins.
Preloading 0 native plugins for Editor in 0.00 ms.
Mono: successfully reloaded assembly
- Completed reload, in  1.268 seconds
Platform modules already initialized, skipping
Refreshing native plugins compatible for Editor in 0.44 ms, found 1 plugins.
Preloading 0 native plugins for Editor in 0.00 ms.
Unloading 1948 Unused Serialized files (Serialized files now loaded: 0)
System memory in use before: 90.7 MB.
System memory in use after: 90.6 MB.

Unloading 12 unused Assets to reduce memory usage. Loaded Objects now: 2501.
Total: 3.345200 ms (FindLiveObjects: 0.519300 ms CreateObjectMapping: 0.236000 ms MarkObjects: 2.429300 ms  DeleteObjects: 0.159000 ms)

========================================================================
Received Prepare
Registering precompiled user dll's ...
Registered in 0.001084 seconds.
Begin MonoManager ReloadAssembly
Native extension for WindowsStandalone target not found
Refreshing native plugins compatible for Editor in 0.39 ms, found 1 plugins.
Preloading 0 native plugins for Editor in 0.00 ms.
Mono: successfully reloaded assembly
- Completed reload, in  0.998 seconds
Platform modules already initialized, skipping
Refreshing native plugins compatible for Editor in 0.48 ms, found 1 plugins.
Preloading 0 native plugins for Editor in 0.00 ms.
Unloading 1948 Unused Serialized files (Serialized files now loaded: 0)
System memory in use before: 90.7 MB.
System memory in use after: 90.7 MB.

Unloading 12 unused Assets to reduce memory usage. Loaded Objects now: 2505.
Total: 3.401100 ms (FindLiveObjects: 0.309400 ms CreateObjectMapping: 0.077200 ms MarkObjects: 2.783000 ms  DeleteObjects: 0.230200 ms)

========================================================================
Received Prepare
Registering precompiled user dll's ...
Registered in 0.001062 seconds.
Begin MonoManager ReloadAssembly
Native extension for WindowsStandalone target not found
Refreshing native plugins compatible for Editor in 0.37 ms, found 1 plugins.
Preloading 0 native plugins for Editor in 0.00 ms.
Mono: successfully reloaded assembly
- Completed reload, in  1.019 seconds
Platform modules already initialized, skipping
Refreshing native plugins compatible for Editor in 0.46 ms, found 1 plugins.
Preloading 0 native plugins for Editor in 0.00 ms.
Unloading 1948 Unused Serialized files (Serialized files now loaded: 0)
System memory in use before: 90.7 MB.
System memory in use after: 90.7 MB.

Unloading 12 unused Assets to reduce memory usage. Loaded Objects now: 2509.
Total: 2.820000 ms (FindLiveObjects: 0.225100 ms CreateObjectMapping: 0.103800 ms MarkObjects: 2.213300 ms  DeleteObjects: 0.276500 ms)

========================================================================
Received Import Request.
  Time since last request: 676.545422 seconds.
  path: Assets/Assets.index
  artifactKey: Guid(dbcebb676f6f4a2489eddfa106c7afb8) Importer(815301076,1909f56bfc062723c751e8b465ee728b)
Start importing Assets/Assets.index using Guid(dbcebb676f6f4a2489eddfa106c7afb8) Importer(815301076,1909f56bfc062723c751e8b465ee728b)  -> (artifact id: 'c4f93c100bd8a734903a3ab228e76b78') in 0.049406 seconds
  Import took 0.058608 seconds .

========================================================================
Received Prepare
Registering precompiled user dll's ...
Registered in 0.061499 seconds.
Begin MonoManager ReloadAssembly
Native extension for WindowsStandalone target not found
Refreshing native plugins compatible for Editor in 0.48 ms, found 1 plugins.
Preloading 0 native plugins for Editor in 0.00 ms.
Mono: successfully reloaded assembly
- Completed reload, in  0.993 seconds
Platform modules already initialized, skipping
Refreshing native plugins compatible for Editor in 0.44 ms, found 1 plugins.
Preloading 0 native plugins for Editor in 0.00 ms.
Unloading 1948 Unused Serialized files (Serialized files now loaded: 0)
System memory in use before: 90.7 MB.
System memory in use after: 90.7 MB.

Unloading 12 unused Assets to reduce memory usage. Loaded Objects now: 2513.
Total: 3.395400 ms (FindLiveObjects: 0.417700 ms CreateObjectMapping: 0.178800 ms MarkObjects: 2.664300 ms  DeleteObjects: 0.133000 ms)

========================================================================
Received Prepare
Registering precompiled user dll's ...
Registered in 0.001217 seconds.
Begin MonoManager ReloadAssembly
Native extension for WindowsStandalone target not found
Refreshing native plugins compatible for Editor in 0.44 ms, found 1 plugins.
Preloading 0 native plugins for Editor in 0.00 ms.
Mono: successfully reloaded assembly
- Completed reload, in  1.090 seconds
Platform modules already initialized, skipping
Refreshing native plugins compatible for Editor in 0.42 ms, found 1 plugins.
Preloading 0 native plugins for Editor in 0.00 ms.
Unloading 1948 Unused Serialized files (Serialized files now loaded: 0)
System memory in use before: 90.7 MB.
System memory in use after: 90.7 MB.

Unloading 12 unused Assets to reduce memory usage. Loaded Objects now: 2517.
Total: 2.858900 ms (FindLiveObjects: 0.333600 ms CreateObjectMapping: 0.143700 ms MarkObjects: 2.258700 ms  DeleteObjects: 0.121700 ms)

========================================================================
Received Prepare
Registering precompiled user dll's ...
Registered in 0.002052 seconds.
Begin MonoManager ReloadAssembly
Native extension for WindowsStandalone target not found
Refreshing native plugins compatible for Editor in 0.45 ms, found 1 plugins.
Preloading 0 native plugins for Editor in 0.00 ms.
Mono: successfully reloaded assembly
- Completed reload, in  1.037 seconds
Platform modules already initialized, skipping
Refreshing native plugins compatible for Editor in 0.41 ms, found 1 plugins.
Preloading 0 native plugins for Editor in 0.00 ms.
Unloading 1948 Unused Serialized files (Serialized files now loaded: 0)
System memory in use before: 90.7 MB.
System memory in use after: 90.7 MB.

Unloading 12 unused Assets to reduce memory usage. Loaded Objects now: 2521.
Total: 2.759800 ms (FindLiveObjects: 0.257700 ms CreateObjectMapping: 0.094400 ms MarkObjects: 2.036800 ms  DeleteObjects: 0.369500 ms)

========================================================================
Received Import Request.
  Time since last request: 92168.468431 seconds.
  path: Assets/Assets.index
  artifactKey: Guid(dbcebb676f6f4a2489eddfa106c7afb8) Importer(815301076,1909f56bfc062723c751e8b465ee728b)
Start importing Assets/Assets.index using Guid(dbcebb676f6f4a2489eddfa106c7afb8) Importer(815301076,1909f56bfc062723c751e8b465ee728b)  -> (artifact id: 'b8eef825514cd2b94e13bcbbe5cc919c') in 0.051394 seconds
  Import took 0.055075 seconds .

========================================================================
Received Import Request.
  Time since last request: 327.699433 seconds.
  path: Assets/Scenes/Game Placeholder.unity
  artifactKey: Guid(b015ec795075e154cbadd6239fb31be2) Importer(815301076,1909f56bfc062723c751e8b465ee728b)
Start importing Assets/Scenes/Game Placeholder.unity using Guid(b015ec795075e154cbadd6239fb31be2) Importer(815301076,1909f56bfc062723c751e8b465ee728b)  -> (artifact id: 'a8a4b7dc30aa2bbaf8d588b92afd1259') in 0.010841 seconds
  Import took 0.014637 seconds .

========================================================================
Received Import Request.
  Time since last request: 0.006315 seconds.
  path: Assets/Scenes/Game Placeholder.unity
  artifactKey: Guid(b015ec795075e154cbadd6239fb31be2) Importer(815301076,1909f56bfc062723c751e8b465ee728b)
Start importing Assets/Scenes/Game Placeholder.unity using Guid(b015ec795075e154cbadd6239fb31be2) Importer(815301076,1909f56bfc062723c751e8b465ee728b)  -> (artifact id: 'a8a4b7dc30aa2bbaf8d588b92afd1259') in 0.004260 seconds
  Import took 0.008113 seconds .

========================================================================
Received Prepare
Registering precompiled user dll's ...
Registered in 0.001175 seconds.
Begin MonoManager ReloadAssembly
Native extension for WindowsStandalone target not found
Refreshing native plugins compatible for Editor in 0.47 ms, found 1 plugins.
Preloading 0 native plugins for Editor in 0.00 ms.
Mono: successfully reloaded assembly
- Completed reload, in  1.002 seconds
Platform modules already initialized, skipping
Refreshing native plugins compatible for Editor in 0.41 ms, found 1 plugins.
Preloading 0 native plugins for Editor in 0.00 ms.
Unloading 1948 Unused Serialized files (Serialized files now loaded: 0)
System memory in use before: 90.7 MB.
System memory in use after: 90.7 MB.

Unloading 12 unused Assets to reduce memory usage. Loaded Objects now: 2525.
Total: 3.326700 ms (FindLiveObjects: 0.257200 ms CreateObjectMapping: 0.078100 ms MarkObjects: 2.860700 ms  DeleteObjects: 0.129400 ms)

========================================================================
Received Prepare
Registering precompiled user dll's ...
Registered in 0.001154 seconds.
Begin MonoManager ReloadAssembly
Native extension for WindowsStandalone target not found
Refreshing native plugins compatible for Editor in 0.38 ms, found 1 plugins.
Preloading 0 native plugins for Editor in 0.00 ms.
Mono: successfully reloaded assembly
- Completed reload, in  1.055 seconds
Platform modules already initialized, skipping
Refreshing native plugins compatible for Editor in 0.37 ms, found 1 plugins.
Preloading 0 native plugins for Editor in 0.00 ms.
Unloading 1948 Unused Serialized files (Serialized files now loaded: 0)
System memory in use before: 90.7 MB.
System memory in use after: 90.7 MB.

Unloading 12 unused Assets to reduce memory usage. Loaded Objects now: 2529.
Total: 2.391400 ms (FindLiveObjects: 0.326500 ms CreateObjectMapping: 0.165300 ms MarkObjects: 1.708600 ms  DeleteObjects: 0.172300 ms)

========================================================================
Received Prepare
Registering precompiled user dll's ...
Registered in 0.001501 seconds.
Begin MonoManager ReloadAssembly
Native extension for WindowsStandalone target not found
Refreshing native plugins compatible for Editor in 0.35 ms, found 1 plugins.
Preloading 0 native plugins for Editor in 0.00 ms.
Mono: successfully reloaded assembly
- Completed reload, in  0.956 seconds
Platform modules already initialized, skipping
Refreshing native plugins compatible for Editor in 0.41 ms, found 1 plugins.
Preloading 0 native plugins for Editor in 0.00 ms.
Unloading 1948 Unused Serialized files (Serialized files now loaded: 0)
System memory in use before: 90.8 MB.
System memory in use after: 90.7 MB.

Unloading 12 unused Assets to reduce memory usage. Loaded Objects now: 2533.
Total: 2.648500 ms (FindLiveObjects: 0.264900 ms CreateObjectMapping: 0.096000 ms MarkObjects: 2.134600 ms  DeleteObjects: 0.152000 ms)

========================================================================
Received Prepare
Registering precompiled user dll's ...
Registered in 0.001065 seconds.
Begin MonoManager ReloadAssembly
Native extension for WindowsStandalone target not found
Refreshing native plugins compatible for Editor in 0.37 ms, found 1 plugins.
Preloading 0 native plugins for Editor in 0.00 ms.
Mono: successfully reloaded assembly
- Completed reload, in  0.905 seconds
Platform modules already initialized, skipping
Refreshing native plugins compatible for Editor in 0.42 ms, found 1 plugins.
Preloading 0 native plugins for Editor in 0.00 ms.
Unloading 1948 Unused Serialized files (Serialized files now loaded: 0)
System memory in use before: 90.8 MB.
System memory in use after: 90.7 MB.

Unloading 12 unused Assets to reduce memory usage. Loaded Objects now: 2537.
Total: 3.011600 ms (FindLiveObjects: 0.348700 ms CreateObjectMapping: 0.172100 ms MarkObjects: 2.375000 ms  DeleteObjects: 0.113900 ms)

========================================================================
Received Prepare
Registering precompiled user dll's ...
Registered in 0.001193 seconds.
Begin MonoManager ReloadAssembly
Native extension for WindowsStandalone target not found
Refreshing native plugins compatible for Editor in 0.66 ms, found 1 plugins.
Preloading 0 native plugins for Editor in 0.00 ms.
Mono: successfully reloaded assembly
- Completed reload, in  0.964 seconds
Platform modules already initialized, skipping
Refreshing native plugins compatible for Editor in 0.38 ms, found 1 plugins.
Preloading 0 native plugins for Editor in 0.00 ms.
Unloading 1948 Unused Serialized files (Serialized files now loaded: 0)
System memory in use before: 90.8 MB.
System memory in use after: 90.7 MB.

Unloading 12 unused Assets to reduce memory usage. Loaded Objects now: 2541.
Total: 2.445500 ms (FindLiveObjects: 0.262900 ms CreateObjectMapping: 0.148400 ms MarkObjects: 1.907800 ms  DeleteObjects: 0.125200 ms)

========================================================================
Received Import Request.
  Time since last request: 2490.749375 seconds.
  path: Assets/Assets.index
  artifactKey: Guid(dbcebb676f6f4a2489eddfa106c7afb8) Importer(815301076,1909f56bfc062723c751e8b465ee728b)
Start importing Assets/Assets.index using Guid(dbcebb676f6f4a2489eddfa106c7afb8) Importer(815301076,1909f56bfc062723c751e8b465ee728b)  -> (artifact id: '61350fd5a5709c2aa665edd854ed4c87') in 0.056515 seconds
  Import took 0.062995 seconds .

========================================================================
Received Import Request.
  Time since last request: 0.000611 seconds.
  path: Assets/MainMixer.mixer
  artifactKey: Guid(8f3f9c985886f6f4dbff1b059d4de136) Importer(815301076,1909f56bfc062723c751e8b465ee728b)
Start importing Assets/MainMixer.mixer using Guid(8f3f9c985886f6f4dbff1b059d4de136) Importer(815301076,1909f56bfc062723c751e8b465ee728b)  -> (artifact id: 'bf6d3ece99bed417d90f0ab49bc617b7') in 0.011634 seconds
  Import took 0.016028 seconds .

========================================================================
Received Import Request.
  Time since last request: 4.816194 seconds.
  path: Assets/TextMesh Pro/Sprites/EmojiOne.png
  artifactKey: Guid(dffef66376be4fa480fb02b19edbe903) Importer(815301076,1909f56bfc062723c751e8b465ee728b)
Start importing Assets/TextMesh Pro/Sprites/EmojiOne.png using Guid(dffef66376be4fa480fb02b19edbe903) Importer(815301076,1909f56bfc062723c751e8b465ee728b)  -> (artifact id: 'c362a206858c95a308c6d0233c209ed3') in 0.130681 seconds
  Import took 0.136769 seconds .

========================================================================
Received Import Request.
  Time since last request: 20.816465 seconds.
  path: Assets
  artifactKey: Guid(00000000000000001000000000000000) Importer(815301076,1909f56bfc062723c751e8b465ee728b)
Start importing Assets using Guid(00000000000000001000000000000000) Importer(815301076,1909f56bfc062723c751e8b465ee728b)  -> (artifact id: '68da87e921333ba4c29a91c5fa57cb6d') in 0.003314 seconds
  Import took 0.007906 seconds .

========================================================================
Received Import Request.
  Time since last request: 7.610792 seconds.
  path: Assets/Sprites
  artifactKey: Guid(63468cf2ef82a0f4da297b7c27a9b255) Importer(815301076,1909f56bfc062723c751e8b465ee728b)
Start importing Assets/Sprites using Guid(63468cf2ef82a0f4da297b7c27a9b255) Importer(815301076,1909f56bfc062723c751e8b465ee728b)  -> (artifact id: '3b60fbb047b59f017cfa7a69da8705ee') in 0.008812 seconds
  Import took 0.013647 seconds .

========================================================================
Received Import Request.
  Time since last request: 0.050652 seconds.
  path: Assets/Sprites
  artifactKey: Guid(63468cf2ef82a0f4da297b7c27a9b255) Importer(815301076,1909f56bfc062723c751e8b465ee728b)
Start importing Assets/Sprites using Guid(63468cf2ef82a0f4da297b7c27a9b255) Importer(815301076,1909f56bfc062723c751e8b465ee728b)  -> (artifact id: '3b60fbb047b59f017cfa7a69da8705ee') in 0.003307 seconds
  Import took 0.007737 seconds .

========================================================================
Received Import Request.
  Time since last request: 16.290865 seconds.
  path: Assets/Sprites/Bar.png
  artifactKey: Guid(8edf9f4f058125f42aae5e9ddd1aed8b) Importer(815301076,1909f56bfc062723c751e8b465ee728b)
Start importing Assets/Sprites/Bar.png using Guid(8edf9f4f058125f42aae5e9ddd1aed8b) Importer(815301076,1909f56bfc062723c751e8b465ee728b)  -> (artifact id: 'df440e59e0a6aae46f8cd12e157cd0b6') in 0.067958 seconds
  Import took 0.074062 seconds .

========================================================================
Received Import Request.
  Time since last request: 0.000313 seconds.
  path: Assets/Sprites/Heart.png
  artifactKey: Guid(e6b0bcf3c5e21544cb7aa643d9cb7e1d) Importer(815301076,1909f56bfc062723c751e8b465ee728b)
Start importing Assets/Sprites/Heart.png using Guid(e6b0bcf3c5e21544cb7aa643d9cb7e1d) Importer(815301076,1909f56bfc062723c751e8b465ee728b)  -> (artifact id: '86c7c1ce1eb9374399727dac8a6d80a0') in 0.020085 seconds
  Import took 0.023606 seconds .

========================================================================
Received Import Request.
  Time since last request: 0.000288 seconds.
  path: Assets/Sprites/Bar.png
  artifactKey: Guid(8edf9f4f058125f42aae5e9ddd1aed8b) Importer(815301076,1909f56bfc062723c751e8b465ee728b)
Start importing Assets/Sprites/Bar.png using Guid(8edf9f4f058125f42aae5e9ddd1aed8b) Importer(815301076,1909f56bfc062723c751e8b465ee728b)  -> (artifact id: 'df440e59e0a6aae46f8cd12e157cd0b6') in 0.009318 seconds
  Import took 0.013784 seconds .

========================================================================
Received Import Request.
  Time since last request: 1482.212909 seconds.
  path: Assets/Assets.index
  artifactKey: Guid(dbcebb676f6f4a2489eddfa106c7afb8) Importer(815301076,1909f56bfc062723c751e8b465ee728b)
Start importing Assets/Assets.index using Guid(dbcebb676f6f4a2489eddfa106c7afb8) Importer(815301076,1909f56bfc062723c751e8b465ee728b)  -> (artifact id: '4101dbc1809f2f71979ddc36fd9fdeda') in 0.008520 seconds
  Import took 0.014221 seconds .

========================================================================
Received Prepare
Registering precompiled user dll's ...
Registered in 0.001239 seconds.
Begin MonoManager ReloadAssembly
Native extension for WindowsStandalone target not found
Refreshing native plugins compatible for Editor in 0.37 ms, found 1 plugins.
Preloading 0 native plugins for Editor in 0.00 ms.
Mono: successfully reloaded assembly
- Completed reload, in  1.141 seconds
Platform modules already initialized, skipping
Refreshing native plugins compatible for Editor in 0.41 ms, found 1 plugins.
Preloading 0 native plugins for Editor in 0.00 ms.
Unloading 1949 Unused Serialized files (Serialized files now loaded: 0)
System memory in use before: 93.9 MB.
System memory in use after: 93.9 MB.

Unloading 12 unused Assets to reduce memory usage. Loaded Objects now: 2555.
Total: 2.430800 ms (FindLiveObjects: 0.260500 ms CreateObjectMapping: 0.101600 ms MarkObjects: 1.921400 ms  DeleteObjects: 0.146200 ms)

========================================================================
Received Import Request.
  Time since last request: 11.784245 seconds.
  path: Assets/HealthBar.cs
  artifactKey: Guid(020d5c37f35e29f4ea8ab01367045ce1) Importer(815301076,1909f56bfc062723c751e8b465ee728b)
Start importing Assets/HealthBar.cs using Guid(020d5c37f35e29f4ea8ab01367045ce1) Importer(815301076,1909f56bfc062723c751e8b465ee728b)  -> (artifact id: '31c450241c05e871de57ddf7953d4328') in 0.011865 seconds
  Import took 0.016951 seconds .

========================================================================
Received Prepare
Registering precompiled user dll's ...
Registered in 0.001240 seconds.
Begin MonoManager ReloadAssembly
Native extension for WindowsStandalone target not found
Refreshing native plugins compatible for Editor in 0.37 ms, found 1 plugins.
Preloading 0 native plugins for Editor in 0.00 ms.
Mono: successfully reloaded assembly
- Completed reload, in  0.973 seconds
Platform modules already initialized, skipping
Refreshing native plugins compatible for Editor in 0.49 ms, found 1 plugins.
Preloading 0 native plugins for Editor in 0.00 ms.
Unloading 1949 Unused Serialized files (Serialized files now loaded: 0)
System memory in use before: 93.9 MB.
System memory in use after: 93.9 MB.

Unloading 12 unused Assets to reduce memory usage. Loaded Objects now: 2559.
Total: 2.408000 ms (FindLiveObjects: 0.233400 ms CreateObjectMapping: 0.070300 ms MarkObjects: 1.980300 ms  DeleteObjects: 0.122500 ms)

========================================================================
Received Prepare
Registering precompiled user dll's ...
Registered in 0.059585 seconds.
Begin MonoManager ReloadAssembly
Native extension for WindowsStandalone target not found
Refreshing native plugins compatible for Editor in 0.36 ms, found 1 plugins.
Preloading 0 native plugins for Editor in 0.00 ms.
Mono: successfully reloaded assembly
- Completed reload, in  0.918 seconds
Platform modules already initialized, skipping
Refreshing native plugins compatible for Editor in 0.48 ms, found 1 plugins.
Preloading 0 native plugins for Editor in 0.00 ms.
Unloading 1949 Unused Serialized files (Serialized files now loaded: 0)
System memory in use before: 93.9 MB.
System memory in use after: 93.9 MB.

Unloading 12 unused Assets to reduce memory usage. Loaded Objects now: 2563.
Total: 4.703600 ms (FindLiveObjects: 0.618300 ms CreateObjectMapping: 0.255300 ms MarkObjects: 3.607900 ms  DeleteObjects: 0.218700 ms)

AssetImportWorkerClient::OnTransportError - code=2 error=End of file
